#
# There is insufficient memory for the Java Runtime Environment to continue.
# Native memory allocation (malloc) failed to allocate 1082096 bytes. Error detail: Chunk::new
# Possible reasons:
#   The system is out of physical RAM or swap space
#   This process is running with CompressedOops enabled, and the Java Heap may be blocking the growth of the native heap
# Possible solutions:
#   Reduce memory load on the system
#   Increase physical memory or swap space
#   Check if swap backing store is full
#   Decrease Java heap size (-Xmx/-Xms)
#   Decrease number of Java threads
#   Decrease Java thread stack sizes (-Xss)
#   Set larger code cache with -XX:ReservedCodeCacheSize=
#   JVM is running with Zero Based Compressed Oops mode in which the Java heap is
#     placed in the first 32GB address space. The Java Heap base address is the
#     maximum limit for the native heap growth. Please use -XX:HeapBaseMinAddress
#     to set the Java Heap base and to place the Java Heap above 32GB virtual address.
# This output file may be truncated or incomplete.
#
#  Out of Memory Error (arena.cpp:149), pid=6808, tid=26436
#
# JRE version: Java(TM) SE Runtime Environment (23.0.2+7) (build 23.0.2+7-58)
# Java VM: Java HotSpot(TM) 64-Bit Server VM (23.0.2+7-58, mixed mode, sharing, tiered, compressed oops, compressed class ptrs, g1 gc, windows-amd64)
# No core dump will be written. Minidumps are not enabled by default on client versions of Windows
#

---------------  S U M M A R Y ------------

Command Line: -Dclassworlds.conf=C:\Program Files\apache-maven-3.9.9-bin\apache-maven-3.9.9\bin\m2.conf -Dmaven.home=C:\Program Files\apache-maven-3.9.9-bin\apache-maven-3.9.9 -Dlibrary.jansi.path=C:\Program Files\apache-maven-3.9.9-bin\apache-maven-3.9.9\lib\jansi-native -Dmaven.multiModuleProjectDirectory=C:\Users\flyda\Desktop\SUITS-25\JavaBackend org.codehaus.plexus.classworlds.launcher.Launcher clean install

Host: 12th Gen Intel(R) Core(TM) i7-12700H, 20 cores, 15G,  Windows 11 , 64 bit Build 26100 (10.0.26100.3912)
Time: Mon May 19 20:50:31 2025 Eastern Daylight Time elapsed time: 4.760687 seconds (0d 0h 0m 4s)

---------------  T H R E A D  ---------------

Current thread (0x000001e8a5a1d7b0):  JavaThread "C2 CompilerThread2" daemon [_thread_in_native, id=26436, stack(0x0000006129200000,0x0000006129300000) (1024K)]


Current CompileTask:
C2:4760 4878       4       org.codehaus.plexus.interpolation.PrefixedValueSourceWrapper::getValue (39 bytes)

Stack: [0x0000006129200000,0x0000006129300000]
Native frames: (J=compiled Java code, j=interpreted, Vv=VM code, C=native code)
V  [jvm.dll+0x6e0b99]  (no source info available)
V  [jvm.dll+0x87e2b3]  (no source info available)
V  [jvm.dll+0x88073e]  (no source info available)
V  [jvm.dll+0x880e13]  (no source info available)
V  [jvm.dll+0x27b006]  (no source info available)
V  [jvm.dll+0xbc06f]  (no source info available)
V  [jvm.dll+0xbc2cb]  (no source info available)
V  [jvm.dll+0x3b3c22]  (no source info available)
V  [jvm.dll+0x1dc2ac]  (no source info available)
V  [jvm.dll+0x244ce5]  (no source info available)
V  [jvm.dll+0x243eff]  (no source info available)
V  [jvm.dll+0x1c34b0]  (no source info available)
V  [jvm.dll+0x253df1]  (no source info available)
V  [jvm.dll+0x2520aa]  (no source info available)
V  [jvm.dll+0x3ee226]  (no source info available)
V  [jvm.dll+0x8254cb]  (no source info available)
V  [jvm.dll+0x6df345]  (no source info available)
C  [ucrtbase.dll+0x37b0]  (no source info available)
C  [KERNEL32.DLL+0x2e8d7]  (no source info available)
C  [ntdll.dll+0x9c5dc]  (no source info available)

Lock stack of current Java thread (top to bottom):


---------------  P R O C E S S  ---------------

Threads class SMR info:
_java_thread_list=0x000001e8a73af230, length=14, elements={
0x000001e83f25f6d0, 0x000001e85f49cb10, 0x000001e85f49f680, 0x000001e85f4a4470,
0x000001e85f4a4ed0, 0x000001e85f4a5930, 0x000001e85f4a70b0, 0x000001e85f4b5be0,
0x000001e85f5e8070, 0x000001e85f828350, 0x000001e85f82b040, 0x000001e85f83c350,
0x000001e8a5a1d7b0, 0x000001e8a64bd850
}

Java Threads: ( => current thread )
  0x000001e83f25f6d0 JavaThread "main"                              [_thread_in_native, id=3336, stack(0x0000006127c00000,0x0000006127d00000) (1024K)]
  0x000001e85f49cb10 JavaThread "Reference Handler"          daemon [_thread_blocked, id=6232, stack(0x0000006128400000,0x0000006128500000) (1024K)]
  0x000001e85f49f680 JavaThread "Finalizer"                  daemon [_thread_blocked, id=31428, stack(0x0000006128500000,0x0000006128600000) (1024K)]
  0x000001e85f4a4470 JavaThread "Signal Dispatcher"          daemon [_thread_blocked, id=30660, stack(0x0000006128600000,0x0000006128700000) (1024K)]
  0x000001e85f4a4ed0 JavaThread "Attach Listener"            daemon [_thread_blocked, id=18344, stack(0x0000006128700000,0x0000006128800000) (1024K)]
  0x000001e85f4a5930 JavaThread "Service Thread"             daemon [_thread_blocked, id=8020, stack(0x0000006128800000,0x0000006128900000) (1024K)]
  0x000001e85f4a70b0 JavaThread "Monitor Deflation Thread"   daemon [_thread_blocked, id=28616, stack(0x0000006128900000,0x0000006128a00000) (1024K)]
  0x000001e85f4b5be0 JavaThread "C2 CompilerThread0"         daemon [_thread_in_native, id=17012, stack(0x0000006128a00000,0x0000006128b00000) (1024K)]
  0x000001e85f5e8070 JavaThread "C1 CompilerThread0"         daemon [_thread_blocked, id=26628, stack(0x0000006128b00000,0x0000006128c00000) (1024K)]
  0x000001e85f828350 JavaThread "Notification Thread"        daemon [_thread_blocked, id=28172, stack(0x0000006128f00000,0x0000006129000000) (1024K)]
  0x000001e85f82b040 JavaThread "Common-Cleaner"             daemon [_thread_blocked, id=20824, stack(0x0000006129000000,0x0000006129100000) (1024K)]
  0x000001e85f83c350 JavaThread "C2 CompilerThread1"         daemon [_thread_in_native, id=2044, stack(0x0000006129100000,0x0000006129200000) (1024K)]
=>0x000001e8a5a1d7b0 JavaThread "C2 CompilerThread2"         daemon [_thread_in_native, id=26436, stack(0x0000006129200000,0x0000006129300000) (1024K)]
  0x000001e8a64bd850 JavaThread "Thread-1"                   daemon [_thread_blocked, id=13476, stack(0x0000006129d00000,0x0000006129e00000) (1024K)]
Total: 14

Other Threads:
  0x000001e85f4847e0 VMThread "VM Thread"                           [id=31656, stack(0x0000006128300000,0x0000006128400000) (1024K)]
  0x000001e85f46de40 WatcherThread "VM Periodic Task Thread"        [id=24616, stack(0x0000006128200000,0x0000006128300000) (1024K)]
  0x000001e83f2c8010 WorkerThread "GC Thread#0"                     [id=8332, stack(0x0000006127d00000,0x0000006127e00000) (1024K)]
  0x000001e8a63b5bc0 WorkerThread "GC Thread#1"                     [id=12720, stack(0x0000006129400000,0x0000006129500000) (1024K)]
  0x000001e8a615aab0 WorkerThread "GC Thread#2"                     [id=15204, stack(0x0000006129500000,0x0000006129600000) (1024K)]
  0x000001e8a615ae60 WorkerThread "GC Thread#3"                     [id=21088, stack(0x0000006129600000,0x0000006129700000) (1024K)]
  0x000001e8a5b331e0 WorkerThread "GC Thread#4"                     [id=12520, stack(0x0000006129700000,0x0000006129800000) (1024K)]
  0x000001e8a5ad4f10 WorkerThread "GC Thread#5"                     [id=2588, stack(0x0000006129800000,0x0000006129900000) (1024K)]
  0x000001e8a63edf70 WorkerThread "GC Thread#6"                     [id=24056, stack(0x0000006129900000,0x0000006129a00000) (1024K)]
  0x000001e8a63ee320 WorkerThread "GC Thread#7"                     [id=25164, stack(0x0000006129a00000,0x0000006129b00000) (1024K)]
  0x000001e8a65ef8e0 WorkerThread "GC Thread#8"                     [id=3344, stack(0x0000006129b00000,0x0000006129c00000) (1024K)]
  0x000001e8a65ef180 WorkerThread "GC Thread#9"                     [id=16144, stack(0x0000006129c00000,0x0000006129d00000) (1024K)]
  0x000001e8a68bb230 WorkerThread "GC Thread#10"                    [id=31028, stack(0x0000006129e00000,0x0000006129f00000) (1024K)]
  0x000001e8a68bc0f0 WorkerThread "GC Thread#11"                    [id=27092, stack(0x0000006129f00000,0x000000612a000000) (1024K)]
  0x000001e8a68bcc00 WorkerThread "GC Thread#12"                    [id=13024, stack(0x000000612a000000,0x000000612a100000) (1024K)]
  0x000001e8a68bc4a0 WorkerThread "GC Thread#13"                    [id=20676, stack(0x000000612a100000,0x000000612a200000) (1024K)]
  0x000001e8a68bd360 WorkerThread "GC Thread#14"                    [id=25216, stack(0x000000612a200000,0x000000612a300000) (1024K)]
  0x000001e83f2de090 ConcurrentGCThread "G1 Main Marker"            [id=30340, stack(0x0000006127e00000,0x0000006127f00000) (1024K)]
  0x000001e83f2deba0 WorkerThread "G1 Conc#0"                       [id=12244, stack(0x0000006127f00000,0x0000006128000000) (1024K)]
  0x000001e85f33f970 ConcurrentGCThread "G1 Refine#0"               [id=26340, stack(0x0000006128000000,0x0000006128100000) (1024K)]
  0x000001e85f3401a0 ConcurrentGCThread "G1 Service"                [id=7108, stack(0x0000006128100000,0x0000006128200000) (1024K)]
Total: 21

Threads with active compile tasks:
C2 CompilerThread0  6864 4934       4       org.codehaus.plexus.util.xml.Xpp3DomBuilder::build (413 bytes)
C2 CompilerThread1  6864 4904       4       org.codehaus.plexus.interpolation.AbstractDelegatingValueSource::getValue (11 bytes)
C2 CompilerThread2  6864 4878       4       org.codehaus.plexus.interpolation.PrefixedValueSourceWrapper::getValue (39 bytes)
Total: 3

VM state: not at safepoint (normal execution)

VM Mutex/Monitor currently owned by a thread: None

Heap address: 0x0000000704c00000, size: 4020 MB, Compressed Oops mode: Zero based, Oop shift amount: 3

CDS archive(s) mapped at: [0x000001e860000000-0x000001e860d70000-0x000001e860d70000), size 14090240, SharedBaseAddress: 0x000001e860000000, ArchiveRelocationMode: 1.
Compressed class space mapped at: 0x000001e861000000-0x000001e8a1000000, reserved size: 1073741824
Narrow klass base: 0x000001e860000000, Narrow klass shift: 0, Narrow klass range: 0x41000000

GC Precious Log:
 CardTable entry size: 512
 Card Set container configuration: InlinePtr #cards 4 size 8 Array Of Cards #cards 16 size 48 Howl #buckets 8 coarsen threshold 3686 Howl Bitmap #cards 512 size 80 coarsen threshold 460 Card regions per heap region 1 cards per card region 4096
 CPUs: 20 total, 20 available
 Memory: 16075M
 Large Page Support: Disabled
 NUMA Support: Disabled
 Compressed Oops: Enabled (Zero based)
 Heap Region Size: 2M
 Heap Min Capacity: 8M
 Heap Initial Capacity: 252M
 Heap Max Capacity: 4020M
 Pre-touch: Disabled
 Parallel Workers: 15
 Concurrent Workers: 4
 Concurrent Refinement Workers: 15
 Periodic GC: Disabled

Heap:
 garbage-first heap   total reserved 4116480K, committed 258048K, used 66000K [0x0000000704c00000, 0x0000000800000000)
  region size 2048K, 28 young (57344K), 4 survivors (8192K)
 Metaspace       used 17574K, committed 17792K, reserved 1114112K
  class space    used 2089K, committed 2176K, reserved 1048576K

Heap Regions: E=young(eden), S=young(survivor), O=old, HS=humongous(starts), HC=humongous(continues), CS=collection set, F=free, TAMS=top-at-mark-start, PB=parsable bottom
|   0|0x0000000704c00000, 0x0000000704e00000, 0x0000000704e00000|100%| O|  |TAMS 0x0000000704c00000| PB 0x0000000704c00000| Untracked |  0
|   1|0x0000000704e00000, 0x0000000704fb2ec0, 0x0000000705000000| 84%| O|  |TAMS 0x0000000704e00000| PB 0x0000000704e00000| Untracked |  0
|   2|0x0000000705000000, 0x0000000705200000, 0x0000000705200000|100%|HS|  |TAMS 0x0000000705000000| PB 0x0000000705000000| Complete |  0
|   3|0x0000000705200000, 0x0000000705400000, 0x0000000705400000|100%|HC|  |TAMS 0x0000000705200000| PB 0x0000000705200000| Complete |  0
|   4|0x0000000705400000, 0x0000000705600000, 0x0000000705600000|100%|HS|  |TAMS 0x0000000705400000| PB 0x0000000705400000| Complete |  0
|   5|0x0000000705600000, 0x0000000705800000, 0x0000000705800000|100%|HC|  |TAMS 0x0000000705600000| PB 0x0000000705600000| Complete |  0
|   6|0x0000000705800000, 0x0000000705800000, 0x0000000705a00000|  0%| F|  |TAMS 0x0000000705800000| PB 0x0000000705800000| Untracked |  0
|   7|0x0000000705a00000, 0x0000000705a00000, 0x0000000705c00000|  0%| F|  |TAMS 0x0000000705a00000| PB 0x0000000705a00000| Untracked |  0
|   8|0x0000000705c00000, 0x0000000705c00000, 0x0000000705e00000|  0%| F|  |TAMS 0x0000000705c00000| PB 0x0000000705c00000| Untracked |  0
|   9|0x0000000705e00000, 0x0000000705e00000, 0x0000000706000000|  0%| F|  |TAMS 0x0000000705e00000| PB 0x0000000705e00000| Untracked |  0
|  10|0x0000000706000000, 0x0000000706000000, 0x0000000706200000|  0%| F|  |TAMS 0x0000000706000000| PB 0x0000000706000000| Untracked |  0
|  11|0x0000000706200000, 0x0000000706200000, 0x0000000706400000|  0%| F|  |TAMS 0x0000000706200000| PB 0x0000000706200000| Untracked |  0
|  12|0x0000000706400000, 0x0000000706400000, 0x0000000706600000|  0%| F|  |TAMS 0x0000000706400000| PB 0x0000000706400000| Untracked |  0
|  13|0x0000000706600000, 0x0000000706600000, 0x0000000706800000|  0%| F|  |TAMS 0x0000000706600000| PB 0x0000000706600000| Untracked |  0
|  14|0x0000000706800000, 0x0000000706800000, 0x0000000706a00000|  0%| F|  |TAMS 0x0000000706800000| PB 0x0000000706800000| Untracked |  0
|  15|0x0000000706a00000, 0x0000000706a00000, 0x0000000706c00000|  0%| F|  |TAMS 0x0000000706a00000| PB 0x0000000706a00000| Untracked |  0
|  16|0x0000000706c00000, 0x0000000706c00000, 0x0000000706e00000|  0%| F|  |TAMS 0x0000000706c00000| PB 0x0000000706c00000| Untracked |  0
|  17|0x0000000706e00000, 0x0000000706e00000, 0x0000000707000000|  0%| F|  |TAMS 0x0000000706e00000| PB 0x0000000706e00000| Untracked |  0
|  18|0x0000000707000000, 0x0000000707000000, 0x0000000707200000|  0%| F|  |TAMS 0x0000000707000000| PB 0x0000000707000000| Untracked |  0
|  19|0x0000000707200000, 0x0000000707200000, 0x0000000707400000|  0%| F|  |TAMS 0x0000000707200000| PB 0x0000000707200000| Untracked |  0
|  20|0x0000000707400000, 0x0000000707400000, 0x0000000707600000|  0%| F|  |TAMS 0x0000000707400000| PB 0x0000000707400000| Untracked |  0
|  21|0x0000000707600000, 0x0000000707600000, 0x0000000707800000|  0%| F|  |TAMS 0x0000000707600000| PB 0x0000000707600000| Untracked |  0
|  22|0x0000000707800000, 0x0000000707800000, 0x0000000707a00000|  0%| F|  |TAMS 0x0000000707800000| PB 0x0000000707800000| Untracked |  0
|  23|0x0000000707a00000, 0x0000000707a00000, 0x0000000707c00000|  0%| F|  |TAMS 0x0000000707a00000| PB 0x0000000707a00000| Untracked |  0
|  24|0x0000000707c00000, 0x0000000707c00000, 0x0000000707e00000|  0%| F|  |TAMS 0x0000000707c00000| PB 0x0000000707c00000| Untracked |  0
|  25|0x0000000707e00000, 0x0000000707e00000, 0x0000000708000000|  0%| F|  |TAMS 0x0000000707e00000| PB 0x0000000707e00000| Untracked |  0
|  26|0x0000000708000000, 0x0000000708000000, 0x0000000708200000|  0%| F|  |TAMS 0x0000000708000000| PB 0x0000000708000000| Untracked |  0
|  27|0x0000000708200000, 0x0000000708200000, 0x0000000708400000|  0%| F|  |TAMS 0x0000000708200000| PB 0x0000000708200000| Untracked |  0
|  28|0x0000000708400000, 0x0000000708400000, 0x0000000708600000|  0%| F|  |TAMS 0x0000000708400000| PB 0x0000000708400000| Untracked |  0
|  29|0x0000000708600000, 0x0000000708600000, 0x0000000708800000|  0%| F|  |TAMS 0x0000000708600000| PB 0x0000000708600000| Untracked |  0
|  30|0x0000000708800000, 0x0000000708800000, 0x0000000708a00000|  0%| F|  |TAMS 0x0000000708800000| PB 0x0000000708800000| Untracked |  0
|  31|0x0000000708a00000, 0x0000000708a00000, 0x0000000708c00000|  0%| F|  |TAMS 0x0000000708a00000| PB 0x0000000708a00000| Untracked |  0
|  32|0x0000000708c00000, 0x0000000708c00000, 0x0000000708e00000|  0%| F|  |TAMS 0x0000000708c00000| PB 0x0000000708c00000| Untracked |  0
|  33|0x0000000708e00000, 0x0000000708e00000, 0x0000000709000000|  0%| F|  |TAMS 0x0000000708e00000| PB 0x0000000708e00000| Untracked |  0
|  34|0x0000000709000000, 0x0000000709000000, 0x0000000709200000|  0%| F|  |TAMS 0x0000000709000000| PB 0x0000000709000000| Untracked |  0
|  35|0x0000000709200000, 0x0000000709200000, 0x0000000709400000|  0%| F|  |TAMS 0x0000000709200000| PB 0x0000000709200000| Untracked |  0
|  36|0x0000000709400000, 0x0000000709400000, 0x0000000709600000|  0%| F|  |TAMS 0x0000000709400000| PB 0x0000000709400000| Untracked |  0
|  37|0x0000000709600000, 0x0000000709600000, 0x0000000709800000|  0%| F|  |TAMS 0x0000000709600000| PB 0x0000000709600000| Untracked |  0
|  38|0x0000000709800000, 0x0000000709800000, 0x0000000709a00000|  0%| F|  |TAMS 0x0000000709800000| PB 0x0000000709800000| Untracked |  0
|  39|0x0000000709a00000, 0x0000000709a00000, 0x0000000709c00000|  0%| F|  |TAMS 0x0000000709a00000| PB 0x0000000709a00000| Untracked |  0
|  40|0x0000000709c00000, 0x0000000709c00000, 0x0000000709e00000|  0%| F|  |TAMS 0x0000000709c00000| PB 0x0000000709c00000| Untracked |  0
|  41|0x0000000709e00000, 0x0000000709e00000, 0x000000070a000000|  0%| F|  |TAMS 0x0000000709e00000| PB 0x0000000709e00000| Untracked |  0
|  42|0x000000070a000000, 0x000000070a000000, 0x000000070a200000|  0%| F|  |TAMS 0x000000070a000000| PB 0x000000070a000000| Untracked |  0
|  43|0x000000070a200000, 0x000000070a200000, 0x000000070a400000|  0%| F|  |TAMS 0x000000070a200000| PB 0x000000070a200000| Untracked |  0
|  44|0x000000070a400000, 0x000000070a400000, 0x000000070a600000|  0%| F|  |TAMS 0x000000070a400000| PB 0x000000070a400000| Untracked |  0
|  45|0x000000070a600000, 0x000000070a600000, 0x000000070a800000|  0%| F|  |TAMS 0x000000070a600000| PB 0x000000070a600000| Untracked |  0
|  46|0x000000070a800000, 0x000000070a800000, 0x000000070aa00000|  0%| F|  |TAMS 0x000000070a800000| PB 0x000000070a800000| Untracked |  0
|  47|0x000000070aa00000, 0x000000070aa00000, 0x000000070ac00000|  0%| F|  |TAMS 0x000000070aa00000| PB 0x000000070aa00000| Untracked |  0
|  48|0x000000070ac00000, 0x000000070ac00000, 0x000000070ae00000|  0%| F|  |TAMS 0x000000070ac00000| PB 0x000000070ac00000| Untracked |  0
|  49|0x000000070ae00000, 0x000000070ae00000, 0x000000070b000000|  0%| F|  |TAMS 0x000000070ae00000| PB 0x000000070ae00000| Untracked |  0
|  50|0x000000070b000000, 0x000000070b000000, 0x000000070b200000|  0%| F|  |TAMS 0x000000070b000000| PB 0x000000070b000000| Untracked |  0
|  51|0x000000070b200000, 0x000000070b200000, 0x000000070b400000|  0%| F|  |TAMS 0x000000070b200000| PB 0x000000070b200000| Untracked |  0
|  52|0x000000070b400000, 0x000000070b400000, 0x000000070b600000|  0%| F|  |TAMS 0x000000070b400000| PB 0x000000070b400000| Untracked |  0
|  53|0x000000070b600000, 0x000000070b600000, 0x000000070b800000|  0%| F|  |TAMS 0x000000070b600000| PB 0x000000070b600000| Untracked |  0
|  54|0x000000070b800000, 0x000000070b800000, 0x000000070ba00000|  0%| F|  |TAMS 0x000000070b800000| PB 0x000000070b800000| Untracked |  0
|  55|0x000000070ba00000, 0x000000070ba00000, 0x000000070bc00000|  0%| F|  |TAMS 0x000000070ba00000| PB 0x000000070ba00000| Untracked |  0
|  56|0x000000070bc00000, 0x000000070bc00000, 0x000000070be00000|  0%| F|  |TAMS 0x000000070bc00000| PB 0x000000070bc00000| Untracked |  0
|  57|0x000000070be00000, 0x000000070be00000, 0x000000070c000000|  0%| F|  |TAMS 0x000000070be00000| PB 0x000000070be00000| Untracked |  0
|  58|0x000000070c000000, 0x000000070c000000, 0x000000070c200000|  0%| F|  |TAMS 0x000000070c000000| PB 0x000000070c000000| Untracked |  0
|  59|0x000000070c200000, 0x000000070c200000, 0x000000070c400000|  0%| F|  |TAMS 0x000000070c200000| PB 0x000000070c200000| Untracked |  0
|  60|0x000000070c400000, 0x000000070c400000, 0x000000070c600000|  0%| F|  |TAMS 0x000000070c400000| PB 0x000000070c400000| Untracked |  0
|  61|0x000000070c600000, 0x000000070c600000, 0x000000070c800000|  0%| F|  |TAMS 0x000000070c600000| PB 0x000000070c600000| Untracked |  0
|  62|0x000000070c800000, 0x000000070c800000, 0x000000070ca00000|  0%| F|  |TAMS 0x000000070c800000| PB 0x000000070c800000| Untracked |  0
|  63|0x000000070ca00000, 0x000000070ca00000, 0x000000070cc00000|  0%| F|  |TAMS 0x000000070ca00000| PB 0x000000070ca00000| Untracked |  0
|  64|0x000000070cc00000, 0x000000070cc00000, 0x000000070ce00000|  0%| F|  |TAMS 0x000000070cc00000| PB 0x000000070cc00000| Untracked |  0
|  65|0x000000070ce00000, 0x000000070ce00000, 0x000000070d000000|  0%| F|  |TAMS 0x000000070ce00000| PB 0x000000070ce00000| Untracked |  0
|  66|0x000000070d000000, 0x000000070d000000, 0x000000070d200000|  0%| F|  |TAMS 0x000000070d000000| PB 0x000000070d000000| Untracked |  0
|  67|0x000000070d200000, 0x000000070d200000, 0x000000070d400000|  0%| F|  |TAMS 0x000000070d200000| PB 0x000000070d200000| Untracked |  0
|  68|0x000000070d400000, 0x000000070d400000, 0x000000070d600000|  0%| F|  |TAMS 0x000000070d400000| PB 0x000000070d400000| Untracked |  0
|  69|0x000000070d600000, 0x000000070d600000, 0x000000070d800000|  0%| F|  |TAMS 0x000000070d600000| PB 0x000000070d600000| Untracked |  0
|  70|0x000000070d800000, 0x000000070d800000, 0x000000070da00000|  0%| F|  |TAMS 0x000000070d800000| PB 0x000000070d800000| Untracked |  0
|  71|0x000000070da00000, 0x000000070da00000, 0x000000070dc00000|  0%| F|  |TAMS 0x000000070da00000| PB 0x000000070da00000| Untracked |  0
|  72|0x000000070dc00000, 0x000000070dc00000, 0x000000070de00000|  0%| F|  |TAMS 0x000000070dc00000| PB 0x000000070dc00000| Untracked |  0
|  73|0x000000070de00000, 0x000000070de00000, 0x000000070e000000|  0%| F|  |TAMS 0x000000070de00000| PB 0x000000070de00000| Untracked |  0
|  74|0x000000070e000000, 0x000000070e000000, 0x000000070e200000|  0%| F|  |TAMS 0x000000070e000000| PB 0x000000070e000000| Untracked |  0
|  75|0x000000070e200000, 0x000000070e200000, 0x000000070e400000|  0%| F|  |TAMS 0x000000070e200000| PB 0x000000070e200000| Untracked |  0
|  76|0x000000070e400000, 0x000000070e400000, 0x000000070e600000|  0%| F|  |TAMS 0x000000070e400000| PB 0x000000070e400000| Untracked |  0
|  77|0x000000070e600000, 0x000000070e600000, 0x000000070e800000|  0%| F|  |TAMS 0x000000070e600000| PB 0x000000070e600000| Untracked |  0
|  78|0x000000070e800000, 0x000000070e800000, 0x000000070ea00000|  0%| F|  |TAMS 0x000000070e800000| PB 0x000000070e800000| Untracked |  0
|  79|0x000000070ea00000, 0x000000070ea00000, 0x000000070ec00000|  0%| F|  |TAMS 0x000000070ea00000| PB 0x000000070ea00000| Untracked |  0
|  80|0x000000070ec00000, 0x000000070ec00000, 0x000000070ee00000|  0%| F|  |TAMS 0x000000070ec00000| PB 0x000000070ec00000| Untracked |  0
|  81|0x000000070ee00000, 0x000000070ee00000, 0x000000070f000000|  0%| F|  |TAMS 0x000000070ee00000| PB 0x000000070ee00000| Untracked |  0
|  82|0x000000070f000000, 0x000000070f000000, 0x000000070f200000|  0%| F|  |TAMS 0x000000070f000000| PB 0x000000070f000000| Untracked |  0
|  83|0x000000070f200000, 0x000000070f200000, 0x000000070f400000|  0%| F|  |TAMS 0x000000070f200000| PB 0x000000070f200000| Untracked |  0
|  84|0x000000070f400000, 0x000000070f400000, 0x000000070f600000|  0%| F|  |TAMS 0x000000070f400000| PB 0x000000070f400000| Untracked |  0
|  85|0x000000070f600000, 0x000000070f600000, 0x000000070f800000|  0%| F|  |TAMS 0x000000070f600000| PB 0x000000070f600000| Untracked |  0
|  86|0x000000070f800000, 0x000000070f800000, 0x000000070fa00000|  0%| F|  |TAMS 0x000000070f800000| PB 0x000000070f800000| Untracked |  0
|  87|0x000000070fa00000, 0x000000070fa00000, 0x000000070fc00000|  0%| F|  |TAMS 0x000000070fa00000| PB 0x000000070fa00000| Untracked |  0
|  88|0x000000070fc00000, 0x000000070fcc1400, 0x000000070fe00000| 37%| S|CS|TAMS 0x000000070fc00000| PB 0x000000070fc00000| Complete |  0
|  89|0x000000070fe00000, 0x0000000710000000, 0x0000000710000000|100%| S|CS|TAMS 0x000000070fe00000| PB 0x000000070fe00000| Complete |  0
|  90|0x0000000710000000, 0x0000000710200000, 0x0000000710200000|100%| S|CS|TAMS 0x0000000710000000| PB 0x0000000710000000| Complete |  0
|  91|0x0000000710200000, 0x0000000710400000, 0x0000000710400000|100%| S|CS|TAMS 0x0000000710200000| PB 0x0000000710200000| Complete |  0
|  92|0x0000000710400000, 0x0000000710400000, 0x0000000710600000|  0%| F|  |TAMS 0x0000000710400000| PB 0x0000000710400000| Untracked |  0
|  93|0x0000000710600000, 0x0000000710600000, 0x0000000710800000|  0%| F|  |TAMS 0x0000000710600000| PB 0x0000000710600000| Untracked |  0
|  94|0x0000000710800000, 0x0000000710800000, 0x0000000710a00000|  0%| F|  |TAMS 0x0000000710800000| PB 0x0000000710800000| Untracked |  0
|  95|0x0000000710a00000, 0x0000000710a00000, 0x0000000710c00000|  0%| F|  |TAMS 0x0000000710a00000| PB 0x0000000710a00000| Untracked |  0
|  96|0x0000000710c00000, 0x0000000710c00000, 0x0000000710e00000|  0%| F|  |TAMS 0x0000000710c00000| PB 0x0000000710c00000| Untracked |  0
|  97|0x0000000710e00000, 0x0000000710e00000, 0x0000000711000000|  0%| F|  |TAMS 0x0000000710e00000| PB 0x0000000710e00000| Untracked |  0
|  98|0x0000000711000000, 0x0000000711000000, 0x0000000711200000|  0%| F|  |TAMS 0x0000000711000000| PB 0x0000000711000000| Untracked |  0
|  99|0x0000000711200000, 0x0000000711200000, 0x0000000711400000|  0%| F|  |TAMS 0x0000000711200000| PB 0x0000000711200000| Untracked |  0
| 100|0x0000000711400000, 0x0000000711400000, 0x0000000711600000|  0%| F|  |TAMS 0x0000000711400000| PB 0x0000000711400000| Untracked |  0
| 101|0x0000000711600000, 0x0000000711600000, 0x0000000711800000|  0%| F|  |TAMS 0x0000000711600000| PB 0x0000000711600000| Untracked |  0
| 102|0x0000000711800000, 0x000000071193cc60, 0x0000000711a00000| 61%| E|  |TAMS 0x0000000711800000| PB 0x0000000711800000| Complete |  0
| 103|0x0000000711a00000, 0x0000000711c00000, 0x0000000711c00000|100%| E|CS|TAMS 0x0000000711a00000| PB 0x0000000711a00000| Complete |  0
| 104|0x0000000711c00000, 0x0000000711e00000, 0x0000000711e00000|100%| E|CS|TAMS 0x0000000711c00000| PB 0x0000000711c00000| Complete |  0
| 105|0x0000000711e00000, 0x0000000712000000, 0x0000000712000000|100%| E|CS|TAMS 0x0000000711e00000| PB 0x0000000711e00000| Complete |  0
| 106|0x0000000712000000, 0x0000000712200000, 0x0000000712200000|100%| E|CS|TAMS 0x0000000712000000| PB 0x0000000712000000| Complete |  0
| 107|0x0000000712200000, 0x0000000712400000, 0x0000000712400000|100%| E|CS|TAMS 0x0000000712200000| PB 0x0000000712200000| Complete |  0
| 108|0x0000000712400000, 0x0000000712600000, 0x0000000712600000|100%| E|CS|TAMS 0x0000000712400000| PB 0x0000000712400000| Complete |  0
| 109|0x0000000712600000, 0x0000000712800000, 0x0000000712800000|100%| E|CS|TAMS 0x0000000712600000| PB 0x0000000712600000| Complete |  0
| 110|0x0000000712800000, 0x0000000712a00000, 0x0000000712a00000|100%| E|CS|TAMS 0x0000000712800000| PB 0x0000000712800000| Complete |  0
| 111|0x0000000712a00000, 0x0000000712c00000, 0x0000000712c00000|100%| E|CS|TAMS 0x0000000712a00000| PB 0x0000000712a00000| Complete |  0
| 112|0x0000000712c00000, 0x0000000712e00000, 0x0000000712e00000|100%| E|CS|TAMS 0x0000000712c00000| PB 0x0000000712c00000| Complete |  0
| 113|0x0000000712e00000, 0x0000000713000000, 0x0000000713000000|100%| E|CS|TAMS 0x0000000712e00000| PB 0x0000000712e00000| Complete |  0
| 114|0x0000000713000000, 0x0000000713200000, 0x0000000713200000|100%| E|CS|TAMS 0x0000000713000000| PB 0x0000000713000000| Complete |  0
| 115|0x0000000713200000, 0x0000000713400000, 0x0000000713400000|100%| E|CS|TAMS 0x0000000713200000| PB 0x0000000713200000| Complete |  0
| 116|0x0000000713400000, 0x0000000713600000, 0x0000000713600000|100%| E|CS|TAMS 0x0000000713400000| PB 0x0000000713400000| Complete |  0
| 117|0x0000000713600000, 0x0000000713800000, 0x0000000713800000|100%| E|CS|TAMS 0x0000000713600000| PB 0x0000000713600000| Complete |  0
| 118|0x0000000713800000, 0x0000000713a00000, 0x0000000713a00000|100%| E|CS|TAMS 0x0000000713800000| PB 0x0000000713800000| Complete |  0
| 119|0x0000000713a00000, 0x0000000713c00000, 0x0000000713c00000|100%| E|CS|TAMS 0x0000000713a00000| PB 0x0000000713a00000| Complete |  0
| 120|0x0000000713c00000, 0x0000000713e00000, 0x0000000713e00000|100%| E|CS|TAMS 0x0000000713c00000| PB 0x0000000713c00000| Complete |  0
| 121|0x0000000713e00000, 0x0000000714000000, 0x0000000714000000|100%| E|CS|TAMS 0x0000000713e00000| PB 0x0000000713e00000| Complete |  0
| 122|0x0000000714000000, 0x0000000714200000, 0x0000000714200000|100%| E|CS|TAMS 0x0000000714000000| PB 0x0000000714000000| Complete |  0
| 123|0x0000000714200000, 0x0000000714400000, 0x0000000714400000|100%| E|CS|TAMS 0x0000000714200000| PB 0x0000000714200000| Complete |  0
| 124|0x0000000714400000, 0x0000000714600000, 0x0000000714600000|100%| E|CS|TAMS 0x0000000714400000| PB 0x0000000714400000| Complete |  0
| 125|0x0000000714600000, 0x0000000714800000, 0x0000000714800000|100%| E|CS|TAMS 0x0000000714600000| PB 0x0000000714600000| Complete |  0

Card table byte_map: [0x000001e857c20000,0x000001e858400000] _byte_map_base: 0x000001e8543fa000

Marking Bits: (CMBitMap*) 0x000001e83f2c8720
 Bits: [0x000001e858400000, 0x000001e85c2d0000)

Polling page: 0x000001e83ce10000

Metaspace:

Usage:
  Non-class:     15.12 MB used.
      Class:      2.04 MB used.
       Both:     17.16 MB used.

Virtual space:
  Non-class space:       64.00 MB reserved,      15.25 MB ( 24%) committed,  1 nodes.
      Class space:        1.00 GB reserved,       2.12 MB ( <1%) committed,  1 nodes.
             Both:        1.06 GB reserved,      17.38 MB (  2%) committed. 

Chunk freelists:
   Non-Class:  16.00 KB
       Class:  13.76 MB
        Both:  13.78 MB

MaxMetaspaceSize: unlimited
CompressedClassSpaceSize: 1.00 GB
Initial GC threshold: 21.00 MB
Current GC threshold: 21.00 MB
CDS: on
 - commit_granule_bytes: 65536.
 - commit_granule_words: 8192.
 - virtual_space_node_default_size: 8388608.
 - enlarge_chunks_in_place: 1.
 - use_allocation_guard: 0.


Internal statistics:

num_allocs_failed_limit: 0.
num_arena_births: 198.
num_arena_deaths: 0.
num_vsnodes_births: 2.
num_vsnodes_deaths: 0.
num_space_committed: 278.
num_space_uncommitted: 0.
num_chunks_returned_to_freelist: 0.
num_chunks_taken_from_freelist: 780.
num_chunk_merges: 0.
num_chunk_splits: 542.
num_chunks_enlarged: 444.
num_inconsistent_stats: 0.

CodeHeap 'non-profiled nmethods': size=119232Kb used=1885Kb max_used=1885Kb free=117346Kb
 bounds [0x000001e84f530000, 0x000001e84f7a0000, 0x000001e8569a0000]
CodeHeap 'profiled nmethods': size=119104Kb used=7892Kb max_used=7892Kb free=111211Kb
 bounds [0x000001e8479a0000, 0x000001e848160000, 0x000001e84edf0000]
CodeHeap 'non-nmethods': size=7424Kb used=1430Kb max_used=3181Kb free=5993Kb
 bounds [0x000001e84edf0000, 0x000001e84f120000, 0x000001e84f530000]
CodeCache: size=245760Kb, used=11207Kb, max_used=12958Kb, free=234550Kb
 total_blobs=5590, nmethods=5059, adapters=435, full_count=0
Compilation: enabled, stopped_count=0, restarted_count=0

Compilation events (20 events):
Event: 3.715 Thread 0x000001e8a5a3aa70 nmethod 4999 0x000001e84f704508 code [0x000001e84f704620, 0x000001e84f704830]
Event: 3.715 Thread 0x000001e8a5a3aa70 4965       4       org.eclipse.sisu.wire.EntryListAdapter$ValueIterator::hasNext (10 bytes)
Event: 3.718 Thread 0x000001e8a5a3aa70 nmethod 4965 0x000001e84f704888 code [0x000001e84f7049a0, 0x000001e84f704ab8]
Event: 3.718 Thread 0x000001e8a5a3aa70 4964   !   4       com.google.inject.internal.SingletonScope$1::get (425 bytes)
Event: 3.734 Thread 0x000001e85f640260 5036       3       com.google.inject.internal.ProviderMethodsModule::getAnnotation (105 bytes)
Event: 3.736 Thread 0x000001e85f5e8070 5037       1       org.eclipse.sisu.plexus.ComponentImpl::hint (5 bytes)
Event: 3.736 Thread 0x000001e85f65ff10 5038       1       org.eclipse.sisu.plexus.ComponentImpl::instantiationStrategy (5 bytes)
Event: 3.736 Thread 0x000001e85f63fba0 5039       1       org.eclipse.sisu.plexus.ComponentImpl::description (5 bytes)
Event: 3.737 Thread 0x000001e85f640260 nmethod 5036 0x000001e848141608 code [0x000001e8481418a0, 0x000001e848142d18]
Event: 3.737 Thread 0x000001e85f5e8070 nmethod 5037 0x000001e84f704b88 code [0x000001e84f704ca0, 0x000001e84f704d70]
Event: 3.737 Thread 0x000001e85f63fba0 nmethod 5039 0x000001e84f704e88 code [0x000001e84f704fa0, 0x000001e84f705070]
Event: 3.737 Thread 0x000001e85f65ff10 nmethod 5038 0x000001e84f705188 code [0x000001e84f7052a0, 0x000001e84f705370]
Event: 3.737 Thread 0x000001e85f5e8070 5040   !   3       jdk.proxy2.$Proxy5::annotationType (28 bytes)
Event: 3.738 Thread 0x000001e85f5e8070 nmethod 5040 0x000001e848142e88 code [0x000001e848142fe0, 0x000001e8481433c8]
Event: 3.738 Thread 0x000001e85f640260 5041       3       java.util.zip.ZipCoder$UTF8ZipCoder::toString (12 bytes)
Event: 3.738 Thread 0x000001e85f65ff10 5042       3       java.io.InputStream::readNBytes (53 bytes)
Event: 3.739 Thread 0x000001e85f640260 nmethod 5041 0x000001e848143408 code [0x000001e848143540, 0x000001e8481436f8]
Event: 3.739 Thread 0x000001e85f65ff10 nmethod 5042 0x000001e848143788 code [0x000001e8481438e0, 0x000001e848143d80]
Event: 3.740 Thread 0x000001e8a5a3aa70 nmethod 4964 0x000001e84f705488 code [0x000001e84f705680, 0x000001e84f705f20]
Event: 3.741 Thread 0x000001e8a5a3aa70 5035       4       java.util.TreeMap$KeyIterator::next (8 bytes)

GC Heap History (6 events):
Event: 0.781 GC heap before
{Heap before GC invocations=0 (full 0):
 garbage-first heap   total reserved 4116480K, committed 258048K, used 22528K [0x0000000704c00000, 0x0000000800000000)
  region size 2048K, 12 young (24576K), 0 survivors (0K)
 Metaspace       used 5907K, committed 6080K, reserved 1114112K
  class space    used 722K, committed 832K, reserved 1048576K
}
Event: 0.786 GC heap after
{Heap after GC invocations=1 (full 0):
 garbage-first heap   total reserved 4116480K, committed 258048K, used 3992K [0x0000000704c00000, 0x0000000800000000)
  region size 2048K, 2 young (4096K), 2 survivors (4096K)
 Metaspace       used 5907K, committed 6080K, reserved 1114112K
  class space    used 722K, committed 832K, reserved 1048576K
}
Event: 1.334 GC heap before
{Heap before GC invocations=1 (full 0):
 garbage-first heap   total reserved 4116480K, committed 258048K, used 24472K [0x0000000704c00000, 0x0000000800000000)
  region size 2048K, 13 young (26624K), 2 survivors (4096K)
 Metaspace       used 8142K, committed 8384K, reserved 1114112K
  class space    used 978K, committed 1088K, reserved 1048576K
}
Event: 1.339 GC heap after
{Heap after GC invocations=2 (full 0):
 garbage-first heap   total reserved 4116480K, committed 258048K, used 4814K [0x0000000704c00000, 0x0000000800000000)
  region size 2048K, 1 young (2048K), 1 survivors (2048K)
 Metaspace       used 8142K, committed 8384K, reserved 1114112K
  class space    used 978K, committed 1088K, reserved 1048576K
}
Event: 2.831 GC heap before
{Heap before GC invocations=2 (full 0):
 garbage-first heap   total reserved 4116480K, committed 258048K, used 72398K [0x0000000704c00000, 0x0000000800000000)
  region size 2048K, 34 young (69632K), 1 survivors (2048K)
 Metaspace       used 16040K, committed 16256K, reserved 1114112K
  class space    used 1946K, committed 2048K, reserved 1048576K
}
Event: 2.840 GC heap after
{Heap after GC invocations=3 (full 0):
 garbage-first heap   total reserved 4116480K, committed 258048K, used 10704K [0x0000000704c00000, 0x0000000800000000)
  region size 2048K, 4 young (8192K), 4 survivors (8192K)
 Metaspace       used 16040K, committed 16256K, reserved 1114112K
  class space    used 1946K, committed 2048K, reserved 1048576K
}

Dll operation events (8 events):
Event: 0.035 Loaded shared library C:\Users\flyda\Downloads\jdk-23.0.2_windows-x64_bin\jdk-23.0.2\bin\java.dll
Event: 0.118 Loaded shared library C:\Users\flyda\Downloads\jdk-23.0.2_windows-x64_bin\jdk-23.0.2\bin\jsvml.dll
Event: 0.134 Loaded shared library C:\Users\flyda\Downloads\jdk-23.0.2_windows-x64_bin\jdk-23.0.2\bin\net.dll
Event: 0.136 Loaded shared library C:\Users\flyda\Downloads\jdk-23.0.2_windows-x64_bin\jdk-23.0.2\bin\nio.dll
Event: 0.139 Loaded shared library C:\Users\flyda\Downloads\jdk-23.0.2_windows-x64_bin\jdk-23.0.2\bin\zip.dll
Event: 0.292 Loaded shared library C:\Users\flyda\Downloads\jdk-23.0.2_windows-x64_bin\jdk-23.0.2\bin\jimage.dll
Event: 0.293 Loaded shared library C:\Program Files\apache-maven-3.9.9-bin\apache-maven-3.9.9\lib\jansi-native\Windows\x86_64\jansi.dll
Event: 0.307 Loaded shared library C:\Users\flyda\Downloads\jdk-23.0.2_windows-x64_bin\jdk-23.0.2\bin\verify.dll

Deoptimization events (20 events):
Event: 3.516 Thread 0x000001e83f25f6d0 Uncommon trap: reason=unstable_if action=reinterpret pc=0x000001e84f664134 method=java.lang.AbstractStringBuilder.append(Ljava/lang/String;)Ljava/lang/AbstractStringBuilder; @ 1 c2
Event: 3.516 Thread 0x000001e83f25f6d0 DEOPT PACKING pc=0x000001e84f664134 sp=0x0000006127cfe4c0
Event: 3.516 Thread 0x000001e83f25f6d0 DEOPT UNPACKING pc=0x000001e84ee44402 sp=0x0000006127cfe430 mode 2
Event: 3.597 Thread 0x000001e83f25f6d0 Uncommon trap: trap_request=0xffffff76 fr.pc=0x000001e84f6f933c relative=0x000000000000021c
Event: 3.597 Thread 0x000001e83f25f6d0 Uncommon trap: reason=predicate action=maybe_recompile pc=0x000001e84f6f933c method=java.util.HashMap.keysToArray([Ljava/lang/Object;)[Ljava/lang/Object; @ 48 c2
Event: 3.597 Thread 0x000001e83f25f6d0 DEOPT PACKING pc=0x000001e84f6f933c sp=0x0000006127cfc770
Event: 3.597 Thread 0x000001e83f25f6d0 DEOPT UNPACKING pc=0x000001e84ee44402 sp=0x0000006127cfc708 mode 2
Event: 3.608 Thread 0x000001e83f25f6d0 DEOPT PACKING pc=0x000001e847a4378c sp=0x0000006127cfc990
Event: 3.608 Thread 0x000001e83f25f6d0 DEOPT UNPACKING pc=0x000001e84ee44b22 sp=0x0000006127cfbe70 mode 0
Event: 3.625 Thread 0x000001e83f25f6d0 Uncommon trap: trap_request=0xffffffbe fr.pc=0x000001e84f6fb6e8 relative=0x0000000000000248
Event: 3.625 Thread 0x000001e83f25f6d0 Uncommon trap: reason=profile_predicate action=maybe_recompile pc=0x000001e84f6fb6e8 method=java.util.HashMap.keysToArray([Ljava/lang/Object;)[Ljava/lang/Object; @ 48 c2
Event: 3.625 Thread 0x000001e83f25f6d0 DEOPT PACKING pc=0x000001e84f6fb6e8 sp=0x0000006127cfc820
Event: 3.625 Thread 0x000001e83f25f6d0 DEOPT UNPACKING pc=0x000001e84ee44402 sp=0x0000006127cfc7c8 mode 2
Event: 3.625 Thread 0x000001e83f25f6d0 Uncommon trap: trap_request=0xffffffbe fr.pc=0x000001e84f6fb6e8 relative=0x0000000000000248
Event: 3.625 Thread 0x000001e83f25f6d0 Uncommon trap: reason=profile_predicate action=maybe_recompile pc=0x000001e84f6fb6e8 method=java.util.HashMap.keysToArray([Ljava/lang/Object;)[Ljava/lang/Object; @ 48 c2
Event: 3.625 Thread 0x000001e83f25f6d0 DEOPT PACKING pc=0x000001e84f6fb6e8 sp=0x0000006127cfca70
Event: 3.625 Thread 0x000001e83f25f6d0 DEOPT UNPACKING pc=0x000001e84ee44402 sp=0x0000006127cfca18 mode 2
Event: 3.748 Thread 0x000001e83f25f6d0 Uncommon trap: trap_request=0xffffff45 fr.pc=0x000001e84f547f1c relative=0x000000000000017c
Event: 3.748 Thread 0x000001e83f25f6d0 Uncommon trap: reason=unstable_if action=reinterpret pc=0x000001e84f547f1c method=java.util.zip.ZipFile$Source.isMetaName([BII)Z @ 57 c2
Event: 3.748 Thread 0x000001e83f25f6d0 DEOPT PACKING pc=0x000001e84f547f1c sp=0x0000006127cfcf60

Classes loaded (20 events):
Event: 3.245 Loading class java/time/zone/TzdbZoneRulesProvider
Event: 3.245 Loading class java/time/zone/TzdbZoneRulesProvider done
Event: 3.247 Loading class java/time/zone/Ser
Event: 3.247 Loading class java/io/Externalizable
Event: 3.247 Loading class java/io/Externalizable done
Event: 3.247 Loading class java/time/zone/Ser done
Event: 3.248 Loading class java/time/Month
Event: 3.249 Loading class java/time/Month done
Event: 3.249 Loading class java/time/DayOfWeek
Event: 3.249 Loading class java/time/DayOfWeek done
Event: 3.249 Loading class java/time/zone/ZoneOffsetTransitionRule$TimeDefinition
Event: 3.250 Loading class java/time/zone/ZoneOffsetTransitionRule$TimeDefinition done
Event: 3.250 Loading class java/time/zone/ZoneOffsetTransition
Event: 3.250 Loading class java/time/zone/ZoneOffsetTransition done
Event: 3.266 Loading class jdk/internal/reflect/MethodHandleBooleanFieldAccessorImpl
Event: 3.266 Loading class jdk/internal/reflect/MethodHandleBooleanFieldAccessorImpl done
Event: 3.501 Loading class java/lang/Character$UnicodeBlock
Event: 3.502 Loading class java/lang/Character$Subset
Event: 3.502 Loading class java/lang/Character$Subset done
Event: 3.503 Loading class java/lang/Character$UnicodeBlock done

Classes unloaded (0 events):
No events

Classes redefined (0 events):
No events

Internal exceptions (20 events):
Event: 1.870 Thread 0x000001e83f25f6d0 Exception <a 'java/lang/NoSuchMethodError'{0x0000000712c06e68}: 'void java.lang.invoke.Invokers$Holder.invokeExact_MT(java.lang.Object, java.lang.Object, java.lang.Object, java.lang.Object)'> (0x0000000712c06e68) 
thrown [s\open\src\hotspot\share\interpreter\linkResolver.cpp, line 796]
Event: 1.889 Thread 0x000001e83f25f6d0 Exception <a 'java/lang/NoClassDefFoundError'{0x0000000712c92ea8}: com/google/inject/servlet/ServletModuleTargetVisitor> (0x0000000712c92ea8) 
thrown [s\open\src\hotspot\share\classfile\systemDictionary.cpp, line 302]
Event: 1.951 Thread 0x000001e83f25f6d0 Exception <a 'java/lang/NoSuchMethodError'{0x0000000712a59160}: 'void java.lang.invoke.DirectMethodHandle$Holder.invokeVirtual(java.lang.Object, java.lang.Object)'> (0x0000000712a59160) 
thrown [s\open\src\hotspot\share\interpreter\linkResolver.cpp, line 796]
Event: 2.002 Thread 0x000001e83f25f6d0 Exception <a 'java/lang/NoSuchMethodError'{0x0000000712ad95a8}: 'java.lang.Object java.lang.invoke.DirectMethodHandle$Holder.invokeStaticInit(java.lang.Object, int, int, int, int)'> (0x0000000712ad95a8) 
thrown [s\open\src\hotspot\share\interpreter\linkResolver.cpp, line 796]
Event: 2.135 Thread 0x000001e83f25f6d0 Exception <a 'java/lang/NoSuchMethodError'{0x000000071275c520}: 'void java.lang.invoke.DirectMethodHandle$Holder.invokeSpecial(java.lang.Object, java.lang.Object, java.lang.Object, java.lang.Object, java.lang.Object)'> (0x000000071275c520) 
thrown [s\open\src\hotspot\share\interpreter\linkResolver.cpp, line 796]
Event: 2.138 Thread 0x000001e83f25f6d0 Exception <a 'java/lang/NoSuchMethodError'{0x0000000712776a80}: 'java.lang.Object java.lang.invoke.DirectMethodHandle$Holder.invokeVirtual(java.lang.Object, java.lang.Object, java.lang.Object)'> (0x0000000712776a80) 
thrown [s\open\src\hotspot\share\interpreter\linkResolver.cpp, line 796]
Event: 2.140 Thread 0x000001e83f25f6d0 Exception <a 'java/lang/NoSuchMethodError'{0x0000000712783ee8}: 'void java.lang.invoke.DirectMethodHandle$Holder.invokeSpecial(java.lang.Object, java.lang.Object, java.lang.Object, java.lang.Object, java.lang.Object, java.lang.Object)'> (0x0000000712783ee8) 
thrown [s\open\src\hotspot\share\interpreter\linkResolver.cpp, line 796]
Event: 2.171 Thread 0x000001e83f25f6d0 Exception <a 'java/lang/NoSuchMethodError'{0x00000007124a19f0}: 'void java.lang.invoke.DirectMethodHandle$Holder.invokeVirtual(java.lang.Object, java.lang.Object, int)'> (0x00000007124a19f0) 
thrown [s\open\src\hotspot\share\interpreter\linkResolver.cpp, line 796]
Event: 2.171 Thread 0x000001e83f25f6d0 Exception <a 'java/lang/NoSuchMethodError'{0x00000007124a5808}: 'void java.lang.invoke.DirectMethodHandle$Holder.invokeSpecial(java.lang.Object, java.lang.Object, java.lang.Object, int)'> (0x00000007124a5808) 
thrown [s\open\src\hotspot\share\interpreter\linkResolver.cpp, line 796]
Event: 2.172 Thread 0x000001e83f25f6d0 Exception <a 'java/lang/NoSuchMethodError'{0x00000007124a8ef0}: 'void java.lang.invoke.DelegatingMethodHandle$Holder.reinvoke_L(java.lang.Object, java.lang.Object, int)'> (0x00000007124a8ef0) 
thrown [s\open\src\hotspot\share\interpreter\linkResolver.cpp, line 796]
Event: 2.327 Thread 0x000001e83f25f6d0 Implicit null exception at 0x000001e84f5ed28c to 0x000001e84f5ed4f8
Event: 2.328 Thread 0x000001e83f25f6d0 Implicit null exception at 0x000001e84f5e0f6b to 0x000001e84f5e1168
Event: 3.049 Thread 0x000001e83f25f6d0 Implicit null exception at 0x000001e84f5e24eb to 0x000001e84f5e26e4
Event: 3.049 Thread 0x000001e83f25f6d0 Implicit null exception at 0x000001e84f64556c to 0x000001e84f645740
Event: 3.050 Thread 0x000001e83f25f6d0 Implicit null exception at 0x000001e84f5c659d to 0x000001e84f5c661d
Event: 3.102 Thread 0x000001e83f25f6d0 Exception <a 'java/lang/NoSuchMethodError'{0x000000071389e4c0}: 'java.lang.Object java.lang.invoke.DirectMethodHandle$Holder.newInvokeSpecial(java.lang.Object, java.lang.Object, java.lang.Object, java.lang.Object, java.lang.Object, java.lang.Object, java.lang.Object)'> (0x000000071389e4c0) 
thrown [s\open\src\hotspot\share\interpreter\linkResolver.cpp, line 796]
Event: 3.213 Thread 0x000001e83f25f6d0 Exception <a 'java/lang/NoSuchMethodError'{0x000000071352d630}: 'int java.lang.invoke.DirectMethodHandle$Holder.invokeVirtual(java.lang.Object, java.lang.Object)'> (0x000000071352d630) 
thrown [s\open\src\hotspot\share\interpreter\linkResolver.cpp, line 796]
Event: 3.268 Thread 0x000001e83f25f6d0 Exception <a 'java/lang/NoSuchMethodError'{0x00000007132977f8}: 'void java.lang.invoke.Invokers$Holder.invokeExact_MT(java.lang.Object, java.lang.Object, int, java.lang.Object)'> (0x00000007132977f8) 
thrown [s\open\src\hotspot\share\interpreter\linkResolver.cpp, line 796]
Event: 3.274 Thread 0x000001e83f25f6d0 Exception <a 'java/lang/NoSuchMethodError'{0x00000007132cb460}: 'void java.lang.invoke.DirectMethodHandle$Holder.invokeInterface(java.lang.Object, java.lang.Object, java.lang.Object)'> (0x00000007132cb460) 
thrown [s\open\src\hotspot\share\interpreter\linkResolver.cpp, line 796]
Event: 3.516 Thread 0x000001e83f25f6d0 Implicit null exception at 0x000001e84f663df2 to 0x000001e84f66411c

VM Operations (20 events):
Event: 1.731 Executing VM operation: HandshakeAllThreads (Deoptimize)
Event: 1.731 Executing VM operation: HandshakeAllThreads (Deoptimize) done
Event: 1.864 Executing VM operation: HandshakeAllThreads (Deoptimize)
Event: 1.864 Executing VM operation: HandshakeAllThreads (Deoptimize) done
Event: 1.965 Executing VM operation: HandshakeAllThreads (Deoptimize)
Event: 1.965 Executing VM operation: HandshakeAllThreads (Deoptimize) done
Event: 2.014 Executing VM operation: HandshakeAllThreads (Deoptimize)
Event: 2.014 Executing VM operation: HandshakeAllThreads (Deoptimize) done
Event: 2.051 Executing VM operation: HandshakeAllThreads (Deoptimize)
Event: 2.051 Executing VM operation: HandshakeAllThreads (Deoptimize) done
Event: 2.067 Executing VM operation: HandshakeAllThreads (Deoptimize)
Event: 2.067 Executing VM operation: HandshakeAllThreads (Deoptimize) done
Event: 2.093 Executing VM operation: HandshakeAllThreads (Deoptimize)
Event: 2.093 Executing VM operation: HandshakeAllThreads (Deoptimize) done
Event: 2.094 Executing VM operation: HandshakeAllThreads (Deoptimize)
Event: 2.094 Executing VM operation: HandshakeAllThreads (Deoptimize) done
Event: 2.831 Executing VM operation: G1CollectForAllocation (G1 Evacuation Pause)
Event: 2.840 Executing VM operation: G1CollectForAllocation (G1 Evacuation Pause) done
Event: 3.267 Executing VM operation: HandshakeAllThreads (Deoptimize)
Event: 3.267 Executing VM operation: HandshakeAllThreads (Deoptimize) done

Memory protections (0 events):
No events

Nmethod flushes (0 events):
No events

Events (20 events):
Event: 0.086 Thread 0x000001e83f25f6d0 Thread added: 0x000001e83f25f6d0
Event: 0.111 Thread 0x000001e83f25f6d0 Thread added: 0x000001e85f49cb10
Event: 0.111 Thread 0x000001e83f25f6d0 Thread added: 0x000001e85f49f680
Event: 0.112 Thread 0x000001e83f25f6d0 Thread added: 0x000001e85f4a4470
Event: 0.112 Thread 0x000001e83f25f6d0 Thread added: 0x000001e85f4a4ed0
Event: 0.112 Thread 0x000001e83f25f6d0 Thread added: 0x000001e85f4a5930
Event: 0.112 Thread 0x000001e83f25f6d0 Thread added: 0x000001e85f4a70b0
Event: 0.112 Thread 0x000001e83f25f6d0 Thread added: 0x000001e85f4b5be0
Event: 0.113 Thread 0x000001e83f25f6d0 Thread added: 0x000001e85f5e8070
Event: 0.117 Thread 0x000001e85f5e8070 Thread added: 0x000001e85f63fba0
Event: 0.117 Thread 0x000001e85f5e8070 Thread added: 0x000001e85f640260
Event: 0.118 Thread 0x000001e85f5e8070 Thread added: 0x000001e85f65ff10
Event: 0.126 Thread 0x000001e83f25f6d0 Thread added: 0x000001e85f828350
Event: 0.131 Thread 0x000001e83f25f6d0 Thread added: 0x000001e85f82b040
Event: 0.179 Thread 0x000001e85f63fba0 Thread added: 0x000001e85f83c350
Event: 0.289 Thread 0x000001e83f25f6d0 Thread added: 0x000001e8a517bd80
Event: 0.302 Thread 0x000001e8a517bd80 Thread exited: 0x000001e8a517bd80
Event: 0.744 Thread 0x000001e85f5e8070 Thread added: 0x000001e8a5a1d7b0
Event: 0.747 Thread 0x000001e85f5e8070 Thread added: 0x000001e8a5a3aa70
Event: 2.066 Thread 0x000001e83f25f6d0 Thread added: 0x000001e8a64bd850


Dynamic libraries:
0x00007ff790af0000 - 0x00007ff790b00000 	C:\Users\flyda\Downloads\jdk-23.0.2_windows-x64_bin\jdk-23.0.2\bin\java.exe
0x00007ffcb24a0000 - 0x00007ffcb2706000 	C:\WINDOWS\SYSTEM32\ntdll.dll
0x00007ffcb0260000 - 0x00007ffcb0329000 	C:\WINDOWS\System32\KERNEL32.DLL
0x00007ffcafde0000 - 0x00007ffcb01ac000 	C:\WINDOWS\System32\KERNELBASE.dll
0x00007ffcaf7b0000 - 0x00007ffcaf8fb000 	C:\WINDOWS\System32\ucrtbase.dll
0x00007ffca6a50000 - 0x00007ffca6a67000 	C:\Users\flyda\Downloads\jdk-23.0.2_windows-x64_bin\jdk-23.0.2\bin\jli.dll
0x00007ffcb0330000 - 0x00007ffcb04fa000 	C:\WINDOWS\System32\USER32.dll
0x00007ffca4140000 - 0x00007ffca415b000 	C:\Users\flyda\Downloads\jdk-23.0.2_windows-x64_bin\jdk-23.0.2\bin\VCRUNTIME140.dll
0x00007ffcaf900000 - 0x00007ffcaf927000 	C:\WINDOWS\System32\win32u.dll
0x00007ffc930f0000 - 0x00007ffc9338a000 	C:\WINDOWS\WinSxS\amd64_microsoft.windows.common-controls_6595b64144ccf1df_6.0.26100.3912_none_3e07963ce335137e\COMCTL32.dll
0x00007ffcb0500000 - 0x00007ffcb052b000 	C:\WINDOWS\System32\GDI32.dll
0x00007ffcb06f0000 - 0x00007ffcb0799000 	C:\WINDOWS\System32\msvcrt.dll
0x00007ffcaf9c0000 - 0x00007ffcafaf2000 	C:\WINDOWS\System32\gdi32full.dll
0x00007ffcb01b0000 - 0x00007ffcb0253000 	C:\WINDOWS\System32\msvcp_win.dll
0x00007ffcb0910000 - 0x00007ffcb0940000 	C:\WINDOWS\System32\IMM32.DLL
0x00007ffca7010000 - 0x00007ffca701c000 	C:\Users\flyda\Downloads\jdk-23.0.2_windows-x64_bin\jdk-23.0.2\bin\vcruntime140_1.dll
0x00007ffc96960000 - 0x00007ffc969ee000 	C:\Users\flyda\Downloads\jdk-23.0.2_windows-x64_bin\jdk-23.0.2\bin\msvcp140.dll
0x00007ffc47690000 - 0x00007ffc483e0000 	C:\Users\flyda\Downloads\jdk-23.0.2_windows-x64_bin\jdk-23.0.2\bin\server\jvm.dll
0x00007ffcb1560000 - 0x00007ffcb1612000 	C:\WINDOWS\System32\ADVAPI32.dll
0x00007ffcb1c20000 - 0x00007ffcb1cc6000 	C:\WINDOWS\System32\sechost.dll
0x00007ffcb05d0000 - 0x00007ffcb06e6000 	C:\WINDOWS\System32\RPCRT4.dll
0x00007ffcb1ab0000 - 0x00007ffcb1b24000 	C:\WINDOWS\System32\WS2_32.dll
0x00007ffcae260000 - 0x00007ffcae2be000 	C:\WINDOWS\SYSTEM32\POWRPROF.dll
0x00007ffc9c040000 - 0x00007ffc9c076000 	C:\WINDOWS\SYSTEM32\WINMM.dll
0x00007ffca3c10000 - 0x00007ffca3c1b000 	C:\WINDOWS\SYSTEM32\VERSION.dll
0x00007ffcae240000 - 0x00007ffcae254000 	C:\WINDOWS\SYSTEM32\UMPDC.dll
0x00007ffcae510000 - 0x00007ffcae52a000 	C:\WINDOWS\SYSTEM32\kernel.appcore.dll
0x00007ffca6b30000 - 0x00007ffca6b3a000 	C:\Users\flyda\Downloads\jdk-23.0.2_windows-x64_bin\jdk-23.0.2\bin\jimage.dll
0x00007ffcacd60000 - 0x00007ffcacfa1000 	C:\WINDOWS\SYSTEM32\DBGHELP.DLL
0x00007ffcb1620000 - 0x00007ffcb19a4000 	C:\WINDOWS\System32\combase.dll
0x00007ffcb1b30000 - 0x00007ffcb1c10000 	C:\WINDOWS\System32\OLEAUT32.dll
0x00007ffc85170000 - 0x00007ffc851a9000 	C:\WINDOWS\SYSTEM32\dbgcore.DLL
0x00007ffcafc80000 - 0x00007ffcafd19000 	C:\WINDOWS\System32\bcryptPrimitives.dll
0x00007ffc9a4c0000 - 0x00007ffc9a4de000 	C:\Users\flyda\Downloads\jdk-23.0.2_windows-x64_bin\jdk-23.0.2\bin\java.dll
0x00007ffcb13b0000 - 0x00007ffcb154f000 	C:\WINDOWS\System32\ole32.dll
0x00007ffcb0aa0000 - 0x00007ffcb11cd000 	C:\WINDOWS\System32\SHELL32.dll
0x00007ffcafb00000 - 0x00007ffcafc74000 	C:\WINDOWS\System32\wintypes.dll
0x00007ffcad260000 - 0x00007ffcadab6000 	C:\WINDOWS\SYSTEM32\windows.storage.dll
0x00007ffcb19b0000 - 0x00007ffcb1a9f000 	C:\WINDOWS\System32\SHCORE.dll
0x00007ffcb09e0000 - 0x00007ffcb0a49000 	C:\WINDOWS\System32\shlwapi.dll
0x00007ffcaf540000 - 0x00007ffcaf56f000 	C:\WINDOWS\SYSTEM32\profapi.dll
0x00007ffc6b560000 - 0x00007ffc6b637000 	C:\Users\flyda\Downloads\jdk-23.0.2_windows-x64_bin\jdk-23.0.2\bin\jsvml.dll
0x00007ffca6990000 - 0x00007ffca69a0000 	C:\Users\flyda\Downloads\jdk-23.0.2_windows-x64_bin\jdk-23.0.2\bin\net.dll
0x00007ffcaea80000 - 0x00007ffcaeaea000 	C:\WINDOWS\system32\mswsock.dll
0x00007ffc9a1b0000 - 0x00007ffc9a1c6000 	C:\Users\flyda\Downloads\jdk-23.0.2_windows-x64_bin\jdk-23.0.2\bin\nio.dll
0x00007ffc99aa0000 - 0x00007ffc99ab7000 	C:\Users\flyda\Downloads\jdk-23.0.2_windows-x64_bin\jdk-23.0.2\bin\zip.dll
0x00007ffc991f0000 - 0x00007ffc99214000 	C:\Program Files\apache-maven-3.9.9-bin\apache-maven-3.9.9\lib\jansi-native\Windows\x86_64\jansi.dll
0x00007ffca6800000 - 0x00007ffca6810000 	C:\Users\flyda\Downloads\jdk-23.0.2_windows-x64_bin\jdk-23.0.2\bin\verify.dll

dbghelp: loaded successfully - version: 4.0.5 - missing functions: none
symbol engine: initialized successfully - sym options: 0x614 - pdb path: .;C:\Users\flyda\Downloads\jdk-23.0.2_windows-x64_bin\jdk-23.0.2\bin;C:\WINDOWS\SYSTEM32;C:\WINDOWS\WinSxS\amd64_microsoft.windows.common-controls_6595b64144ccf1df_6.0.26100.3912_none_3e07963ce335137e;C:\Users\flyda\Downloads\jdk-23.0.2_windows-x64_bin\jdk-23.0.2\bin\server;C:\Program Files\apache-maven-3.9.9-bin\apache-maven-3.9.9\lib\jansi-native\Windows\x86_64

VM Arguments:
jvm_args: -Dclassworlds.conf=C:\Program Files\apache-maven-3.9.9-bin\apache-maven-3.9.9\bin\m2.conf -Dmaven.home=C:\Program Files\apache-maven-3.9.9-bin\apache-maven-3.9.9 -Dlibrary.jansi.path=C:\Program Files\apache-maven-3.9.9-bin\apache-maven-3.9.9\lib\jansi-native -Dmaven.multiModuleProjectDirectory=C:\Users\flyda\Desktop\SUITS-25\JavaBackend 
java_command: org.codehaus.plexus.classworlds.launcher.Launcher clean install
java_class_path (initial): C:\Program Files\apache-maven-3.9.9-bin\apache-maven-3.9.9\boot\plexus-classworlds-2.8.0.jar
Launcher Type: SUN_STANDARD

[Global flags]
     intx CICompilerCount                          = 12                                        {product} {ergonomic}
     uint ConcGCThreads                            = 4                                         {product} {ergonomic}
     uint G1ConcRefinementThreads                  = 15                                        {product} {ergonomic}
   size_t G1HeapRegionSize                         = 2097152                                   {product} {ergonomic}
   size_t InitialHeapSize                          = 264241152                                 {product} {ergonomic}
   size_t MarkStackSize                            = 4194304                                   {product} {ergonomic}
   size_t MarkStackSizeMax                         = 536870912                                 {product} {ergonomic}
   size_t MaxHeapSize                              = 4215275520                                {product} {ergonomic}
   size_t MaxNewSize                               = 2529165312                                {product} {ergonomic}
   size_t MinHeapDeltaBytes                        = 2097152                                   {product} {ergonomic}
   size_t MinHeapSize                              = 8388608                                   {product} {ergonomic}
    uintx NonNMethodCodeHeapSize                   = 7602176                                {pd product} {ergonomic}
    uintx NonProfiledCodeHeapSize                  = 122093568                              {pd product} {ergonomic}
    uintx ProfiledCodeHeapSize                     = 121962496                              {pd product} {ergonomic}
    uintx ReservedCodeCacheSize                    = 251658240                              {pd product} {ergonomic}
     bool SegmentedCodeCache                       = true                                      {product} {ergonomic}
   size_t SoftMaxHeapSize                          = 4215275520                             {manageable} {ergonomic}
     bool UseCompressedOops                        = true                           {product lp64_product} {ergonomic}
     bool UseG1GC                                  = true                                      {product} {ergonomic}
     bool UseLargePagesIndividualAllocation        = false                                  {pd product} {ergonomic}

Logging:
Log output configuration:
 #0: stdout all=warning uptime,level,tags foldmultilines=false
 #1: stderr all=off uptime,level,tags foldmultilines=false

Environment Variables:
JAVA_HOME=C:\Users\flyda\Downloads\jdk-23.0.2_windows-x64_bin\jdk-23.0.2
PATH=C:\Users\flyda\miniconda3;C:\Users\flyda\miniconda3\Library\mingw-w64\bin;C:\Users\flyda\miniconda3\Library\usr\bin;C:\Users\flyda\miniconda3\Library\bin;C:\Users\flyda\miniconda3\Scripts;C:\Users\flyda\miniconda3\bin;C:\Users\flyda\miniconda3\condabin;C:\Program Files (x86)\Common Files\Intel\Shared Libraries\redist\intel64\compiler;C:\Program Files\Microsoft\jdk-11.0.16.101-hotspot\bin;C:\Windows\system32;C:\Windows;C:\Windows\System32\Wbem;C:\Windows\System32\WindowsPowerShell\v1.0;C:\Windows\System32\OpenSSH;C:\Program Files (x86)\NVIDIA Corporation\PhysX\Common;C:\Program Files\NVIDIA Corporation\NVIDIA NvDLISR;C:\Program Files\Git\cmd;C:\Program Files\Microsoft SQL Server\Client SDK\ODBC\170\Tools\Binn;C:\Program Files (x86)\Microsoft SQL Server\150\Tools\Binn;C:\Program Files\Microsoft SQL Server\150\Tools\Binn;C:\Program Files\Microsoft SQL Server\150\DTS\Binn;C:\Program Files (x86)\Windows Kits\8.1\Windows Performance Toolkit;C:\Program Files\dotnet;C:\Program Files (x86)\Windows Kits\10\Windows Performance Toolkit;C:\WINDOWS\system32;C:\WINDOWS;C:\WINDOWS\System32\Wbem;C:\WINDOWS\System32\WindowsPowerShell\v1.0;C:\WINDOWS\System32\OpenSSH;C:\Program Files\Docker\Docker\resources\bin;C:\Program Files\nodejs;C:\Program Files\apache-maven-3.9.9-bin\apache-maven-3.9.9\bin;C:\Users\flyda\miniconda3;C:\Users\flyda\miniconda3\Library\mingw-w64\bin;C:\Users\flyda\miniconda3\Library\usr\bin;C:\Users\flyda\miniconda3\Library\bin;C:\Users\flyda\miniconda3\Scripts;C:\Users\flyda\AppData\Local\Programs\Python\Python312\Scripts;C:\Users\flyda\AppData\Local\Programs\Python\Python312;C:\Users\flyda\AppData\Local\Microsoft\WindowsApps;C:\Users\flyda\AppData\Local\GitHubDesktop\bin;C:\Users\flyda\AppData\Local\Programs\Microsoft VS Code\bin;C:\Users\flyda\AppData\Local\Programs\Python\Python312;C:\Users\flyda\.dotnet\tools;C:\msys64\ucrt64\bin;C:\Users\flyda\AppData\Roaming\npm;c:\Users\flyda\.vscode\extensions\ms-python.debugpy-2025.6.0-win32-x64\bundled\scripts\noConfigScripts
USERNAME=flyda
LANG=en_US.UTF-8
OS=Windows_NT
PROCESSOR_IDENTIFIER=Intel64 Family 6 Model 154 Stepping 3, GenuineIntel
TMP=C:\Users\flyda\AppData\Local\Temp
TEMP=C:\Users\flyda\AppData\Local\Temp




Periodic native trim disabled

---------------  S Y S T E M  ---------------

OS:
 Windows 11 , 64 bit Build 26100 (10.0.26100.3912)
OS uptime: 2 days 14:34 hours
Hyper-V role detected

CPU: total 20 (initial active 20) (10 cores per cpu, 2 threads per core) family 6 model 154 stepping 3 microcode 0x41c, cx8, cmov, fxsr, ht, mmx, 3dnowpref, sse, sse2, sse3, ssse3, sse4.1, sse4.2, popcnt, lzcnt, tsc, tscinvbit, avx, avx2, aes, erms, clmul, bmi1, bmi2, adx, sha, fma, vzeroupper, clflush, clflushopt, clwb, hv, serialize, rdtscp, rdpid, fsrm, gfni, f16c, cet_ibt, cet_ss
Processor Information for processor 0
  Max Mhz: 2300, Current Mhz: 2300, Mhz Limit: 2300
Processor Information for processor 1
  Max Mhz: 2300, Current Mhz: 1506, Mhz Limit: 2300
Processor Information for processor 2
  Max Mhz: 2300, Current Mhz: 2300, Mhz Limit: 2300
Processor Information for processor 3
  Max Mhz: 2300, Current Mhz: 1506, Mhz Limit: 2300
Processor Information for processor 4
  Max Mhz: 2300, Current Mhz: 2300, Mhz Limit: 2300
Processor Information for processor 5
  Max Mhz: 2300, Current Mhz: 2300, Mhz Limit: 2300
Processor Information for processor 6
  Max Mhz: 2300, Current Mhz: 2300, Mhz Limit: 2300
Processor Information for processor 7
  Max Mhz: 2300, Current Mhz: 2300, Mhz Limit: 2300
Processor Information for processor 8
  Max Mhz: 2300, Current Mhz: 2300, Mhz Limit: 2300
Processor Information for processor 9
  Max Mhz: 2300, Current Mhz: 2300, Mhz Limit: 2300
Processor Information for processor 10
  Max Mhz: 2300, Current Mhz: 2300, Mhz Limit: 2300
Processor Information for processor 11
  Max Mhz: 2300, Current Mhz: 2300, Mhz Limit: 2300
Processor Information for processor 12
  Max Mhz: 2300, Current Mhz: 1500, Mhz Limit: 1679
Processor Information for processor 13
  Max Mhz: 2300, Current Mhz: 1500, Mhz Limit: 1679
Processor Information for processor 14
  Max Mhz: 2300, Current Mhz: 1700, Mhz Limit: 1679
Processor Information for processor 15
  Max Mhz: 2300, Current Mhz: 1700, Mhz Limit: 1679
Processor Information for processor 16
  Max Mhz: 2300, Current Mhz: 1700, Mhz Limit: 1679
Processor Information for processor 17
  Max Mhz: 2300, Current Mhz: 1700, Mhz Limit: 1679
Processor Information for processor 18
  Max Mhz: 2300, Current Mhz: 1500, Mhz Limit: 1679
Processor Information for processor 19
  Max Mhz: 2300, Current Mhz: 1700, Mhz Limit: 1679

Memory: 4k page, system-wide physical 16075M (699M free)
TotalPageFile size 26315M (AvailPageFile size 2M)
current process WorkingSet (physical memory assigned to process): 209M, peak: 209M
current process commit charge ("private bytes"): 430M, peak: 432M

vm_info: Java HotSpot(TM) 64-Bit Server VM (23.0.2+7-58) for windows-amd64 JRE (23.0.2+7-58), built on 2024-11-29T09:34:55Z with MS VC++ 17.6 (VS2022)

END.
